serving "." at http://127.0.0.1:8787
12:31:01 [304]: /
12:31:01 [304]: /terminal/js/jquery-1.7.1.min.js
12:31:01 [304]: /terminal/js/jquery.mousewheel-min.js
12:31:01 [304]: /terminal/js/jquery.terminal-min.js
12:31:01 [304]: /terminal/css/jquery.terminal.css
12:31:13 [200]: /
12:31:13 [304]: /terminal/js/jquery-1.7.1.min.js
12:31:13 [304]: /terminal/js/jquery.mousewheel-min.js
12:31:13 [304]: /terminal/js/jquery.terminal-min.js
12:31:13 [304]: /terminal/css/jquery.terminal.css
12:32:23 [200]: /
12:32:23 [304]: /terminal/js/jquery-1.7.1.min.js
12:32:23 [304]: /terminal/js/jquery.mousewheel-min.js
12:32:23 [304]: /terminal/js/jquery.terminal-min.js
12:32:23 [304]: /terminal/css/jquery.terminal.css
12:32:45 [200]: /
12:32:45 [304]: /terminal/js/jquery-1.7.1.min.js
12:32:45 [304]: /terminal/js/jquery.mousewheel-min.js
12:32:45 [304]: /terminal/js/jquery.terminal-min.js
12:32:45 [304]: /terminal/css/jquery.terminal.css
12:38:36 [304]: /
12:38:36 [304]: /terminal/js/jquery-1.7.1.min.js
12:38:36 [304]: /terminal/js/jquery.mousewheel-min.js
12:38:36 [304]: /terminal/js/jquery.terminal-min.js
12:38:36 [304]: /terminal/css/jquery.terminal.css
12:59:37 [200]: /
12:59:38 [304]: /terminal/js/jquery-1.7.1.min.js
12:59:38 [304]: /terminal/js/jquery.mousewheel-min.js
12:59:38 [304]: /terminal/js/jquery.terminal-min.js
12:59:38 [304]: /terminal/css/jquery.terminal.css
12:59:38 [200]: /js/lightpost.js
13:0:24 [200]: /
13:0:24 [304]: /terminal/js/jquery-1.7.1.min.js
13:0:24 [304]: /terminal/js/jquery.mousewheel-min.js
13:0:24 [304]: /terminal/js/jquery.terminal-min.js
13:0:24 [304]: /terminal/css/jquery.terminal.css
13:0:24 [304]: /js/lightpost.js
13:3:52 [304]: /
13:3:52 [304]: /terminal/js/jquery-1.7.1.min.js
13:3:52 [304]: /terminal/js/jquery.mousewheel-min.js
13:3:52 [304]: /terminal/js/jquery.terminal-min.js
13:3:52 [304]: /js/lightpost.js
13:3:52 [200]: /terminal/css/jquery.terminal.css
13:4:06 [304]: /
13:4:06 [304]: /terminal/js/jquery-1.7.1.min.js
13:4:06 [304]: /terminal/js/jquery.mousewheel-min.js
13:4:06 [304]: /terminal/js/jquery.terminal-min.js
13:4:06 [304]: /js/lightpost.js
13:4:06 [200]: /terminal/css/jquery.terminal.css
13:4:24 [304]: /
13:4:24 [304]: /terminal/js/jquery-1.7.1.min.js
13:4:24 [304]: /terminal/js/jquery.mousewheel-min.js
13:4:24 [304]: /terminal/js/jquery.terminal-min.js
13:4:24 [304]: /js/lightpost.js
13:4:24 [200]: /terminal/css/jquery.terminal.css
13:4:49 [304]: /
13:4:49 [304]: /terminal/js/jquery-1.7.1.min.js
13:4:49 [304]: /terminal/js/jquery.mousewheel-min.js
13:4:49 [304]: /terminal/js/jquery.terminal-min.js
13:4:49 [304]: /js/lightpost.js
13:4:49 [200]: /terminal/css/jquery.terminal.css
13:5:26 [304]: /
13:5:26 [304]: /terminal/js/jquery-1.7.1.min.js
13:5:26 [304]: /terminal/js/jquery.mousewheel-min.js
13:5:26 [304]: /terminal/js/jquery.terminal-min.js
13:5:26 [304]: /js/lightpost.js
13:5:26 [200]: /terminal/css/jquery.terminal.css
13:6:47 [304]: /
13:6:47 [304]: /terminal/js/jquery-1.7.1.min.js
13:6:47 [304]: /terminal/js/jquery.mousewheel-min.js
13:6:47 [304]: /terminal/js/jquery.terminal-min.js
13:6:47 [304]: /js/lightpost.js
13:6:47 [200]: /terminal/css/jquery.terminal.css
13:6:59 [304]: /
13:6:59 [304]: /terminal/js/jquery-1.7.1.min.js
13:6:59 [304]: /terminal/js/jquery.mousewheel-min.js
13:6:59 [304]: /terminal/js/jquery.terminal-min.js
13:6:59 [304]: /js/lightpost.js
13:6:59 [200]: /terminal/css/jquery.terminal.css
13:7:36 [304]: /
13:7:36 [304]: /terminal/js/jquery-1.7.1.min.js
13:7:36 [304]: /terminal/js/jquery.mousewheel-min.js
13:7:36 [304]: /terminal/js/jquery.terminal-min.js
13:7:36 [304]: /js/lightpost.js
13:7:36 [200]: /terminal/css/jquery.terminal.css
13:11:18 [304]: /
13:11:18 [304]: /terminal/js/jquery-1.7.1.min.js
13:11:18 [304]: /terminal/js/jquery.mousewheel-min.js
13:11:18 [304]: /terminal/js/jquery.terminal-min.js
13:11:18 [304]: /js/lightpost.js
13:11:18 [200]: /terminal/css/jquery.terminal.css
13:12:27 [304]: /
13:12:27 [304]: /terminal/js/jquery-1.7.1.min.js
13:12:27 [304]: /terminal/js/jquery.mousewheel-min.js
13:12:27 [304]: /terminal/js/jquery.terminal-min.js
13:12:27 [304]: /terminal/css/jquery.terminal.css
13:12:27 [304]: /js/lightpost.js
13:14:51 [304]: /
13:14:51 [304]: /terminal/js/jquery-1.7.1.min.js
13:14:51 [304]: /terminal/js/jquery.mousewheel-min.js
13:14:51 [304]: /terminal/js/jquery.terminal-min.js
13:14:51 [304]: /terminal/css/jquery.terminal.css
13:14:51 [304]: /js/lightpost.js
13:16:40 [304]: /
13:16:40 [304]: /terminal/js/jquery-1.7.1.min.js
13:16:40 [304]: /terminal/js/jquery.mousewheel-min.js
13:16:40 [304]: /terminal/js/jquery.terminal-min.js
13:16:40 [304]: /terminal/css/jquery.terminal.css
13:16:40 [304]: /js/lightpost.js
